2016-04-29 13:55:36,228 0    [main] INFO  org.hibernate.annotations.common.Version  - HCANN000001: Hibernate Commons Annotations {4.0.2.Final}
2016-04-29 13:55:36,280 52   [main] INFO  org.hibernate.Version  - HHH000412: Hibernate Core {4.2.2.Final}
2016-04-29 13:55:36,294 66   [main] INFO  org.hibernate.cfg.Environment  - HHH000206: hibernate.properties not found
2016-04-29 13:55:36,296 68   [main] INFO  org.hibernate.cfg.Environment  - HHH000021: Bytecode provider name : javassist
2016-04-29 13:55:36,393 165  [main] INFO  org.hibernate.cfg.Configuration  - HHH000043: Configuring from resource: /hibernate.cfg.xml
2016-04-29 13:55:36,393 165  [main] INFO  org.hibernate.cfg.Configuration  - HHH000040: Configuration resource: /hibernate.cfg.xml
2016-04-29 13:55:36,577 349  [main] INFO  org.hibernate.cfg.Configuration  - HHH000221: Reading mappings from resource: Book.hbm.xml
2016-04-29 13:55:36,727 499  [main] INFO  org.hibernate.cfg.Configuration  - HHH000221: Reading mappings from resource: Users.hbm.xml
2016-04-29 13:55:36,775 547  [main] INFO  org.hibernate.cfg.Configuration  - HHH000221: Reading mappings from resource: Authors.hbm.xml
2016-04-29 13:55:36,824 596  [main] INFO  org.hibernate.cfg.Configuration  - HHH000221: Reading mappings from resource: BookCopy.hbm.xml
2016-04-29 13:55:36,845 617  [main] INFO  org.hibernate.cfg.Configuration  - HHH000221: Reading mappings from resource: Category.hbm.xml
2016-04-29 13:55:36,869 641  [main] INFO  org.hibernate.cfg.Configuration  - HHH000221: Reading mappings from resource: Rental.hbm.xml
2016-04-29 13:55:36,878 650  [main] INFO  org.hibernate.cfg.Configuration  - HHH000041: Configured SessionFactory: null
2016-04-29 13:55:37,064 836  [main] INFO  org.hibernate.service.jdbc.connections.internal.DriverManagerConnectionProviderImpl  - HHH000402: Using Hibernate built-in connection pool (not for production use!)
2016-04-29 13:55:37,071 843  [main] INFO  org.hibernate.service.jdbc.connections.internal.DriverManagerConnectionProviderImpl  - HHH000115: Hibernate connection pool size: 20
2016-04-29 13:55:37,071 843  [main] INFO  org.hibernate.service.jdbc.connections.internal.DriverManagerConnectionProviderImpl  - HHH000006: Autocommit mode: false
2016-04-29 13:55:37,072 844  [main] INFO  org.hibernate.service.jdbc.connections.internal.DriverManagerConnectionProviderImpl  - HHH000401: using driver [com.mysql.jdbc.Driver] at URL [jdbc:mysql://localhost:3306/library]
2016-04-29 13:55:37,072 844  [main] INFO  org.hibernate.service.jdbc.connections.internal.DriverManagerConnectionProviderImpl  - HHH000046: Connection properties: {user=root, password=****}
2016-04-29 13:55:37,333 1105 [main] INFO  org.hibernate.dialect.Dialect  - HHH000400: Using dialect: org.hibernate.dialect.MySQL5Dialect
2016-04-29 13:55:37,377 1149 [main] INFO  org.hibernate.engine.jdbc.internal.LobCreatorBuilder  - HHH000423: Disabling contextual LOB creation as JDBC driver reported JDBC version [3] less than 4
2016-04-29 13:55:37,543 1315 [main] INFO  org.hibernate.engine.transaction.internal.TransactionFactoryInitiator  - HHH000399: Using default transaction strategy (direct JDBC transactions)
2016-04-29 13:55:37,564 1336 [main] INFO  org.hibernate.hql.internal.ast.ASTQueryTranslatorFactory  - HHH000397: Using ASTQueryTranslatorFactory
2016-04-29 13:56:04,184 0    [main] INFO  org.hibernate.annotations.common.Version  - HCANN000001: Hibernate Commons Annotations {4.0.2.Final}
2016-04-29 13:56:04,197 13   [main] INFO  org.hibernate.Version  - HHH000412: Hibernate Core {4.2.2.Final}
2016-04-29 13:56:04,200 16   [main] INFO  org.hibernate.cfg.Environment  - HHH000206: hibernate.properties not found
2016-04-29 13:56:04,202 18   [main] INFO  org.hibernate.cfg.Environment  - HHH000021: Bytecode provider name : javassist
2016-04-29 13:56:04,233 49   [main] INFO  org.hibernate.cfg.Configuration  - HHH000043: Configuring from resource: /hibernate.cfg.xml
2016-04-29 13:56:04,233 49   [main] INFO  org.hibernate.cfg.Configuration  - HHH000040: Configuration resource: /hibernate.cfg.xml
2016-04-29 13:56:04,333 149  [main] INFO  org.hibernate.cfg.Configuration  - HHH000221: Reading mappings from resource: Book.hbm.xml
2016-04-29 13:56:04,435 251  [main] INFO  org.hibernate.cfg.Configuration  - HHH000221: Reading mappings from resource: Users.hbm.xml
2016-04-29 13:56:04,459 275  [main] INFO  org.hibernate.cfg.Configuration  - HHH000221: Reading mappings from resource: Authors.hbm.xml
2016-04-29 13:56:04,481 297  [main] INFO  org.hibernate.cfg.Configuration  - HHH000221: Reading mappings from resource: BookCopy.hbm.xml
2016-04-29 13:56:04,495 311  [main] INFO  org.hibernate.cfg.Configuration  - HHH000221: Reading mappings from resource: Category.hbm.xml
2016-04-29 13:56:04,506 322  [main] INFO  org.hibernate.cfg.Configuration  - HHH000221: Reading mappings from resource: Rental.hbm.xml
2016-04-29 13:56:04,519 335  [main] INFO  org.hibernate.cfg.Configuration  - HHH000041: Configured SessionFactory: null
2016-04-29 13:56:04,589 405  [main] INFO  org.hibernate.service.jdbc.connections.internal.DriverManagerConnectionProviderImpl  - HHH000402: Using Hibernate built-in connection pool (not for production use!)
2016-04-29 13:56:04,597 413  [main] INFO  org.hibernate.service.jdbc.connections.internal.DriverManagerConnectionProviderImpl  - HHH000115: Hibernate connection pool size: 20
2016-04-29 13:56:04,597 413  [main] INFO  org.hibernate.service.jdbc.connections.internal.DriverManagerConnectionProviderImpl  - HHH000006: Autocommit mode: false
2016-04-29 13:56:04,597 413  [main] INFO  org.hibernate.service.jdbc.connections.internal.DriverManagerConnectionProviderImpl  - HHH000401: using driver [com.mysql.jdbc.Driver] at URL [jdbc:mysql://localhost:3306/library]
2016-04-29 13:56:04,597 413  [main] INFO  org.hibernate.service.jdbc.connections.internal.DriverManagerConnectionProviderImpl  - HHH000046: Connection properties: {user=root, password=****}
2016-04-29 13:56:04,930 746  [main] INFO  org.hibernate.dialect.Dialect  - HHH000400: Using dialect: org.hibernate.dialect.MySQL5Dialect
2016-04-29 13:56:04,953 769  [main] INFO  org.hibernate.engine.jdbc.internal.LobCreatorBuilder  - HHH000423: Disabling contextual LOB creation as JDBC driver reported JDBC version [3] less than 4
2016-04-29 13:56:05,105 921  [main] INFO  org.hibernate.engine.transaction.internal.TransactionFactoryInitiator  - HHH000399: Using default transaction strategy (direct JDBC transactions)
2016-04-29 13:56:05,112 928  [main] INFO  org.hibernate.hql.internal.ast.ASTQueryTranslatorFactory  - HHH000397: Using ASTQueryTranslatorFactory
2016-04-29 13:56:05,937 1753 [main] WARN  org.hibernate.engine.jdbc.spi.SqlExceptionHelper  - SQL Error: 1054, SQLState: 42S22
2016-04-29 13:56:05,937 1753 [main] ERROR org.hibernate.engine.jdbc.spi.SqlExceptionHelper  - Unknown column 'this_.book' in 'field list'
2016-04-29 13:56:45,450 0    [main] INFO  org.hibernate.annotations.common.Version  - HCANN000001: Hibernate Commons Annotations {4.0.2.Final}
2016-04-29 13:56:45,461 11   [main] INFO  org.hibernate.Version  - HHH000412: Hibernate Core {4.2.2.Final}
2016-04-29 13:56:45,464 14   [main] INFO  org.hibernate.cfg.Environment  - HHH000206: hibernate.properties not found
2016-04-29 13:56:45,466 16   [main] INFO  org.hibernate.cfg.Environment  - HHH000021: Bytecode provider name : javassist
2016-04-29 13:56:45,496 46   [main] INFO  org.hibernate.cfg.Configuration  - HHH000043: Configuring from resource: /hibernate.cfg.xml
2016-04-29 13:56:45,497 47   [main] INFO  org.hibernate.cfg.Configuration  - HHH000040: Configuration resource: /hibernate.cfg.xml
2016-04-29 13:56:45,588 138  [main] INFO  org.hibernate.cfg.Configuration  - HHH000221: Reading mappings from resource: Book.hbm.xml
2016-04-29 13:56:45,685 235  [main] INFO  org.hibernate.cfg.Configuration  - HHH000221: Reading mappings from resource: Users.hbm.xml
2016-04-29 13:56:45,704 254  [main] INFO  org.hibernate.cfg.Configuration  - HHH000221: Reading mappings from resource: Authors.hbm.xml
2016-04-29 13:56:45,725 275  [main] INFO  org.hibernate.cfg.Configuration  - HHH000221: Reading mappings from resource: BookCopy.hbm.xml
2016-04-29 13:56:45,742 292  [main] INFO  org.hibernate.cfg.Configuration  - HHH000221: Reading mappings from resource: Category.hbm.xml
2016-04-29 13:56:45,751 301  [main] INFO  org.hibernate.cfg.Configuration  - HHH000221: Reading mappings from resource: Rental.hbm.xml
2016-04-29 13:56:45,762 312  [main] INFO  org.hibernate.cfg.Configuration  - HHH000041: Configured SessionFactory: null
2016-04-29 13:56:45,834 384  [main] INFO  org.hibernate.service.jdbc.connections.internal.DriverManagerConnectionProviderImpl  - HHH000402: Using Hibernate built-in connection pool (not for production use!)
2016-04-29 13:56:45,842 392  [main] INFO  org.hibernate.service.jdbc.connections.internal.DriverManagerConnectionProviderImpl  - HHH000115: Hibernate connection pool size: 20
2016-04-29 13:56:45,842 392  [main] INFO  org.hibernate.service.jdbc.connections.internal.DriverManagerConnectionProviderImpl  - HHH000006: Autocommit mode: false
2016-04-29 13:56:45,843 393  [main] INFO  org.hibernate.service.jdbc.connections.internal.DriverManagerConnectionProviderImpl  - HHH000401: using driver [com.mysql.jdbc.Driver] at URL [jdbc:mysql://localhost:3306/library]
2016-04-29 13:56:45,843 393  [main] INFO  org.hibernate.service.jdbc.connections.internal.DriverManagerConnectionProviderImpl  - HHH000046: Connection properties: {user=root, password=****}
2016-04-29 13:56:46,150 700  [main] INFO  org.hibernate.dialect.Dialect  - HHH000400: Using dialect: org.hibernate.dialect.MySQL5Dialect
2016-04-29 13:56:46,167 717  [main] INFO  org.hibernate.engine.jdbc.internal.LobCreatorBuilder  - HHH000423: Disabling contextual LOB creation as JDBC driver reported JDBC version [3] less than 4
2016-04-29 13:57:06,331 0    [main] INFO  org.hibernate.annotations.common.Version  - HCANN000001: Hibernate Commons Annotations {4.0.2.Final}
2016-04-29 13:57:06,344 13   [main] INFO  org.hibernate.Version  - HHH000412: Hibernate Core {4.2.2.Final}
2016-04-29 13:57:06,348 17   [main] INFO  org.hibernate.cfg.Environment  - HHH000206: hibernate.properties not found
2016-04-29 13:57:06,349 18   [main] INFO  org.hibernate.cfg.Environment  - HHH000021: Bytecode provider name : javassist
2016-04-29 13:57:06,378 47   [main] INFO  org.hibernate.cfg.Configuration  - HHH000043: Configuring from resource: /hibernate.cfg.xml
2016-04-29 13:57:06,379 48   [main] INFO  org.hibernate.cfg.Configuration  - HHH000040: Configuration resource: /hibernate.cfg.xml
2016-04-29 13:57:06,469 138  [main] INFO  org.hibernate.cfg.Configuration  - HHH000221: Reading mappings from resource: Book.hbm.xml
2016-04-29 13:57:06,568 237  [main] INFO  org.hibernate.cfg.Configuration  - HHH000221: Reading mappings from resource: Users.hbm.xml
2016-04-29 13:57:06,591 260  [main] INFO  org.hibernate.cfg.Configuration  - HHH000221: Reading mappings from resource: Authors.hbm.xml
2016-04-29 13:57:06,611 280  [main] INFO  org.hibernate.cfg.Configuration  - HHH000221: Reading mappings from resource: BookCopy.hbm.xml
2016-04-29 13:57:06,624 293  [main] INFO  org.hibernate.cfg.Configuration  - HHH000221: Reading mappings from resource: Category.hbm.xml
2016-04-29 13:57:06,637 306  [main] INFO  org.hibernate.cfg.Configuration  - HHH000221: Reading mappings from resource: Rental.hbm.xml
2016-04-29 13:57:06,649 318  [main] INFO  org.hibernate.cfg.Configuration  - HHH000041: Configured SessionFactory: null
2016-04-29 13:57:06,713 382  [main] INFO  org.hibernate.service.jdbc.connections.internal.DriverManagerConnectionProviderImpl  - HHH000402: Using Hibernate built-in connection pool (not for production use!)
2016-04-29 13:57:06,722 391  [main] INFO  org.hibernate.service.jdbc.connections.internal.DriverManagerConnectionProviderImpl  - HHH000115: Hibernate connection pool size: 20
2016-04-29 13:57:06,722 391  [main] INFO  org.hibernate.service.jdbc.connections.internal.DriverManagerConnectionProviderImpl  - HHH000006: Autocommit mode: false
2016-04-29 13:57:06,723 392  [main] INFO  org.hibernate.service.jdbc.connections.internal.DriverManagerConnectionProviderImpl  - HHH000401: using driver [com.mysql.jdbc.Driver] at URL [jdbc:mysql://localhost:3306/library]
2016-04-29 13:57:06,723 392  [main] INFO  org.hibernate.service.jdbc.connections.internal.DriverManagerConnectionProviderImpl  - HHH000046: Connection properties: {user=root, password=****}
2016-04-29 13:57:07,024 693  [main] INFO  org.hibernate.dialect.Dialect  - HHH000400: Using dialect: org.hibernate.dialect.MySQL5Dialect
2016-04-29 13:57:07,041 710  [main] INFO  org.hibernate.engine.jdbc.internal.LobCreatorBuilder  - HHH000423: Disabling contextual LOB creation as JDBC driver reported JDBC version [3] less than 4
2016-04-29 13:57:07,172 841  [main] INFO  org.hibernate.engine.transaction.internal.TransactionFactoryInitiator  - HHH000399: Using default transaction strategy (direct JDBC transactions)
2016-04-29 13:57:07,178 847  [main] INFO  org.hibernate.hql.internal.ast.ASTQueryTranslatorFactory  - HHH000397: Using ASTQueryTranslatorFactory
2016-04-29 13:57:36,809 0    [main] INFO  org.hibernate.annotations.common.Version  - HCANN000001: Hibernate Commons Annotations {4.0.2.Final}
2016-04-29 13:57:36,821 12   [main] INFO  org.hibernate.Version  - HHH000412: Hibernate Core {4.2.2.Final}
2016-04-29 13:57:36,825 16   [main] INFO  org.hibernate.cfg.Environment  - HHH000206: hibernate.properties not found
2016-04-29 13:57:36,828 19   [main] INFO  org.hibernate.cfg.Environment  - HHH000021: Bytecode provider name : javassist
2016-04-29 13:57:36,859 50   [main] INFO  org.hibernate.cfg.Configuration  - HHH000043: Configuring from resource: /hibernate.cfg.xml
2016-04-29 13:57:36,859 50   [main] INFO  org.hibernate.cfg.Configuration  - HHH000040: Configuration resource: /hibernate.cfg.xml
2016-04-29 13:57:36,956 147  [main] INFO  org.hibernate.cfg.Configuration  - HHH000221: Reading mappings from resource: Book.hbm.xml
2016-04-29 13:57:37,057 248  [main] INFO  org.hibernate.cfg.Configuration  - HHH000221: Reading mappings from resource: Users.hbm.xml
2016-04-29 13:57:37,078 269  [main] INFO  org.hibernate.cfg.Configuration  - HHH000221: Reading mappings from resource: Authors.hbm.xml
2016-04-29 13:57:37,098 289  [main] INFO  org.hibernate.cfg.Configuration  - HHH000221: Reading mappings from resource: BookCopy.hbm.xml
2016-04-29 13:57:37,113 304  [main] INFO  org.hibernate.cfg.Configuration  - HHH000221: Reading mappings from resource: Category.hbm.xml
2016-04-29 13:57:37,123 314  [main] INFO  org.hibernate.cfg.Configuration  - HHH000221: Reading mappings from resource: Rental.hbm.xml
2016-04-29 13:57:37,136 327  [main] INFO  org.hibernate.cfg.Configuration  - HHH000041: Configured SessionFactory: null
2016-04-29 13:57:37,200 391  [main] INFO  org.hibernate.service.jdbc.connections.internal.DriverManagerConnectionProviderImpl  - HHH000402: Using Hibernate built-in connection pool (not for production use!)
2016-04-29 13:57:37,210 401  [main] INFO  org.hibernate.service.jdbc.connections.internal.DriverManagerConnectionProviderImpl  - HHH000115: Hibernate connection pool size: 20
2016-04-29 13:57:37,210 401  [main] INFO  org.hibernate.service.jdbc.connections.internal.DriverManagerConnectionProviderImpl  - HHH000006: Autocommit mode: false
2016-04-29 13:57:37,210 401  [main] INFO  org.hibernate.service.jdbc.connections.internal.DriverManagerConnectionProviderImpl  - HHH000401: using driver [com.mysql.jdbc.Driver] at URL [jdbc:mysql://localhost:3306/library]
2016-04-29 13:57:37,211 402  [main] INFO  org.hibernate.service.jdbc.connections.internal.DriverManagerConnectionProviderImpl  - HHH000046: Connection properties: {user=root, password=****}
2016-04-29 13:57:37,529 720  [main] INFO  org.hibernate.dialect.Dialect  - HHH000400: Using dialect: org.hibernate.dialect.MySQL5Dialect
2016-04-29 13:57:37,546 737  [main] INFO  org.hibernate.engine.jdbc.internal.LobCreatorBuilder  - HHH000423: Disabling contextual LOB creation as JDBC driver reported JDBC version [3] less than 4
2016-04-29 13:57:37,683 874  [main] INFO  org.hibernate.engine.transaction.internal.TransactionFactoryInitiator  - HHH000399: Using default transaction strategy (direct JDBC transactions)
2016-04-29 13:57:37,692 883  [main] INFO  org.hibernate.hql.internal.ast.ASTQueryTranslatorFactory  - HHH000397: Using ASTQueryTranslatorFactory
2016-04-29 15:03:07,181 0    [main] INFO  org.hibernate.annotations.common.Version  - HCANN000001: Hibernate Commons Annotations {4.0.2.Final}
2016-04-29 15:03:07,193 12   [main] INFO  org.hibernate.Version  - HHH000412: Hibernate Core {4.2.2.Final}
2016-04-29 15:03:07,197 16   [main] INFO  org.hibernate.cfg.Environment  - HHH000206: hibernate.properties not found
2016-04-29 15:03:07,199 18   [main] INFO  org.hibernate.cfg.Environment  - HHH000021: Bytecode provider name : javassist
2016-04-29 15:03:07,231 50   [main] INFO  org.hibernate.cfg.Configuration  - HHH000043: Configuring from resource: /hibernate.cfg.xml
2016-04-29 15:03:07,231 50   [main] INFO  org.hibernate.cfg.Configuration  - HHH000040: Configuration resource: /hibernate.cfg.xml
2016-04-29 15:03:07,345 164  [main] INFO  org.hibernate.cfg.Configuration  - HHH000221: Reading mappings from resource: Book.hbm.xml
2016-04-29 15:03:07,441 260  [main] INFO  org.hibernate.cfg.Configuration  - HHH000221: Reading mappings from resource: Users.hbm.xml
2016-04-29 15:03:07,462 281  [main] INFO  org.hibernate.cfg.Configuration  - HHH000221: Reading mappings from resource: Authors.hbm.xml
2016-04-29 15:03:07,485 304  [main] INFO  org.hibernate.cfg.Configuration  - HHH000221: Reading mappings from resource: BookCopy.hbm.xml
2016-04-29 15:03:07,500 319  [main] INFO  org.hibernate.cfg.Configuration  - HHH000221: Reading mappings from resource: Category.hbm.xml
2016-04-29 15:03:07,510 329  [main] INFO  org.hibernate.cfg.Configuration  - HHH000221: Reading mappings from resource: Rental.hbm.xml
2016-04-29 15:03:07,522 341  [main] INFO  org.hibernate.cfg.Configuration  - HHH000041: Configured SessionFactory: null
2016-04-29 15:03:07,584 403  [main] INFO  org.hibernate.service.jdbc.connections.internal.DriverManagerConnectionProviderImpl  - HHH000402: Using Hibernate built-in connection pool (not for production use!)
2016-04-29 15:03:07,592 411  [main] INFO  org.hibernate.service.jdbc.connections.internal.DriverManagerConnectionProviderImpl  - HHH000115: Hibernate connection pool size: 20
2016-04-29 15:03:07,592 411  [main] INFO  org.hibernate.service.jdbc.connections.internal.DriverManagerConnectionProviderImpl  - HHH000006: Autocommit mode: false
2016-04-29 15:03:07,593 412  [main] INFO  org.hibernate.service.jdbc.connections.internal.DriverManagerConnectionProviderImpl  - HHH000401: using driver [com.mysql.jdbc.Driver] at URL [jdbc:mysql://localhost:3306/library]
2016-04-29 15:03:07,593 412  [main] INFO  org.hibernate.service.jdbc.connections.internal.DriverManagerConnectionProviderImpl  - HHH000046: Connection properties: {user=root, password=****}
2016-04-29 15:03:07,916 735  [main] INFO  org.hibernate.dialect.Dialect  - HHH000400: Using dialect: org.hibernate.dialect.MySQL5Dialect
2016-04-29 15:03:07,933 752  [main] INFO  org.hibernate.engine.jdbc.internal.LobCreatorBuilder  - HHH000423: Disabling contextual LOB creation as JDBC driver reported JDBC version [3] less than 4
2016-04-29 15:03:08,056 875  [main] INFO  org.hibernate.engine.transaction.internal.TransactionFactoryInitiator  - HHH000399: Using default transaction strategy (direct JDBC transactions)
2016-04-29 15:03:08,063 882  [main] INFO  org.hibernate.hql.internal.ast.ASTQueryTranslatorFactory  - HHH000397: Using ASTQueryTranslatorFactory
